{"level":"error","message":{"isJoi":true,"name":"ValidationError","details":[{"message":"\"title\" is required","path":["title"],"type":"any.required","context":{"key":"title","label":"title"}}],"_object":{"description":"testing description"}},"time":1545833062256}
{"level":"error","message":{"isJoi":true,"name":"ValidationError","details":[{"message":"\"title\" is required","path":["title"],"type":"any.required","context":{"key":"title","label":"title"}}],"_object":{"description":"testing description"}},"time":1545833113809}
{"level":"error","message":"\"title\" must be a string","time":1545836823194}
{"level":"error","message":"Invalid book id","time":1545902210558}
{"level":"error","message":"Invalid author id","time":1545902457775}
{"level":"error","message":"invalid book id","time":1545903897767}
{"level":"error","message":"Invalid book id","time":1545903980124}
{"level":"error","message":"Invalid book id","time":1545904035845}
{"level":"error","message":"Invalid book id","time":1545904132880}
{"level":"error","message":"invalid book id","time":1545904158063}
{"level":"error","message":"invalid book id","time":1545904258606}
{"level":"error","message":"invalid book id","time":1545905401904}
{"level":"error","message":"Invalid author id","time":"2018-12-27T10:11:19.285Z"}
{"level":"error","message":"Invalid book id","time":1545905709953}
{"level":"error","message":"Invalid book id","time":"2018-12-27T10:16:02.052Z"}
{"level":"error","message":"\"name\" is required","time":"2018-12-27T16:16:38.217Z"}
{"level":"error","message":"\"name\" is required","time":"2018-12-27T16:16:39.712Z"}
{"level":"error","message":"\"name\" is required","time":"2018-12-27T16:16:40.997Z"}
{"level":"error","message":"\"name\" is required","time":"2018-12-27T16:16:42.315Z"}
{"level":"error","message":"\"name\" is required","time":"2018-12-27T16:16:43.625Z"}
{"level":"error","message":"\"name\" is required","time":"2018-12-27T16:16:44.934Z"}
{"level":"error","message":"\"name\" is required","time":"2018-12-27T16:16:46.252Z"}
{"level":"error","message":"\"name\" is required","time":"2018-12-27T16:16:47.519Z"}
{"level":"error","message":"\"name\" is required","time":"2018-12-27T16:16:48.860Z"}
{"level":"error","message":"\"name\" is required","time":"2018-12-27T16:16:50.236Z"}
{"level":"error","message":"\"name\" is required","time":"2018-12-27T16:16:51.545Z"}
{"level":"error","message":"\"name\" is required","time":"2018-12-27T16:16:52.857Z"}
{"level":"error","message":"\"name\" is required","time":"2018-12-27T16:16:54.218Z"}
{"level":"error","message":"\"name\" is required","time":"2018-12-27T16:16:55.608Z"}
{"level":"error","message":"\"name\" is required","time":"2018-12-27T16:16:56.972Z"}
{"level":"error","message":"\"name\" is required","time":"2018-12-27T16:16:58.321Z"}
{"level":"error","message":"\"name\" is required","time":"2018-12-27T16:16:59.603Z"}
{"level":"error","message":"\"name\" is required","time":"2018-12-27T16:17:00.938Z"}
{"level":"error","message":"\"name\" is required","time":"2018-12-27T16:17:02.254Z"}
{"level":"error","message":"\"name\" is required","time":"2018-12-27T16:17:03.558Z"}
{"level":"error","message":"\"name\" is required","time":"2018-12-27T16:17:04.861Z"}
{"level":"error","message":"\"name\" is required","time":"2018-12-27T16:17:06.247Z"}
{"level":"error","message":"\"name\" is required","time":"2018-12-27T16:17:07.627Z"}
{"level":"error","message":"\"name\" is required","time":"2018-12-27T16:17:08.980Z"}
{"level":"error","message":"\"name\" is required","time":"2018-12-27T16:17:10.384Z"}
{"level":"error","message":"\"name\" is required","time":"2018-12-27T16:17:11.731Z"}
{"level":"error","message":"\"name\" is required","time":"2018-12-27T16:17:13.074Z"}
{"level":"error","message":"\"name\" is required","time":"2018-12-27T16:17:14.425Z"}
{"level":"error","message":"\"name\" is required","time":"2018-12-27T16:17:15.796Z"}
{"level":"error","message":"\"name\" is required","time":"2018-12-27T16:17:17.232Z"}
{"level":"error","message":"\"name\" is required","time":"2018-12-27T16:17:18.551Z"}
{"level":"error","message":"\"name\" is required","time":"2018-12-27T16:17:19.835Z"}
{"level":"error","message":"\"name\" is required","time":"2018-12-27T16:17:51.697Z"}
{"level":"error","message":"\"name\" is required","time":"2018-12-27T16:17:53.018Z"}
{"level":"error","message":"\"name\" is required","time":"2018-12-27T16:17:54.332Z"}
{"level":"error","message":"\"name\" is required","time":"2018-12-27T16:17:55.659Z"}
{"level":"error","message":"\"name\" is required","time":"2018-12-27T16:17:56.979Z"}
{"level":"error","message":"\"name\" is required","time":"2018-12-27T16:17:58.290Z"}
{"level":"error","message":"\"name\" is required","time":"2018-12-27T16:17:59.611Z"}
{"level":"error","message":"\"name\" is required","time":"2018-12-27T16:18:00.945Z"}
{"level":"error","message":"\"name\" is required","time":"2018-12-27T16:18:02.234Z"}
{"level":"error","message":"\"name\" is required","time":"2018-12-27T16:18:03.563Z"}
{"level":"error","message":"\"name\" is required","time":"2018-12-27T16:18:04.853Z"}
{"level":"error","message":"\"name\" is required","time":"2018-12-27T16:18:06.252Z"}
{"level":"error","message":"\"name\" is required","time":"2018-12-27T16:18:07.567Z"}
{"level":"error","message":"\"name\" is required","time":"2018-12-30T09:02:27.898Z"}
{"level":"error","message":"\"name\" is required","time":"2018-12-30T09:02:29.635Z"}
{"level":"error","message":"\"name\" is required","time":"2018-12-30T09:02:31.210Z"}
{"level":"error","message":"\"name\" is required","time":"2018-12-30T09:02:32.631Z"}
{"level":"error","message":"\"name\" is required","time":"2018-12-30T09:02:34.109Z"}
{"level":"error","message":"\"name\" is required","time":"2018-12-30T09:02:35.587Z"}
{"level":"error","message":"\"name\" is required","time":"2018-12-30T09:02:36.958Z"}
{"level":"error","message":"\"name\" is required","time":"2018-12-30T09:04:40.040Z"}
{"level":"error","message":"\"name\" is required","time":"2018-12-30T09:08:34.234Z"}
{"level":"error","message":"\"name\" is required","time":"2018-12-30T09:37:24.805Z"}
{"level":"error","message":"\"name\" must be a string","time":"2018-12-30T09:37:24.812Z"}
{"level":"error","message":"\"name\" is required","time":"2018-12-30T09:45:59.331Z"}
{"level":"error","message":"\"name\" must be a string","time":"2018-12-30T09:45:59.337Z"}
{"level":"error","message":"\"name\" is required","time":"2018-12-30T09:45:59.350Z"}
{"level":"error","message":"\"name\" must be a string","time":"2018-12-30T09:45:59.354Z"}
{"level":"error","message":"\"title\" is required","time":"2018-12-30T09:53:04.550Z"}
{"level":"error","message":"\"title\" is required","time":"2018-12-30T09:53:04.562Z"}
{"level":"error","message":"\"title\" is required","time":"2018-12-30T09:53:04.567Z"}
{"level":"error","message":"\"name\" is required","time":"2018-12-30T09:53:04.587Z"}
{"level":"error","message":"\"name\" must be a string","time":"2018-12-30T09:53:04.591Z"}
{"level":"error","message":"\"name\" is required","time":"2018-12-30T09:53:04.605Z"}
{"level":"error","message":"\"name\" must be a string","time":"2018-12-30T09:53:04.609Z"}
{"level":"error","message":"\"title\" is required","time":"2018-12-30T09:54:12.665Z"}
{"level":"error","message":"\"title\" is required","time":"2018-12-30T09:54:12.670Z"}
{"level":"error","message":"\"name\" is required","time":"2018-12-30T09:54:12.687Z"}
{"level":"error","message":"\"name\" must be a string","time":"2018-12-30T09:54:12.691Z"}
{"level":"error","message":"\"name\" is required","time":"2018-12-30T09:54:12.705Z"}
{"level":"error","message":"\"name\" must be a string","time":"2018-12-30T09:54:12.709Z"}
{"level":"error","message":"\"title\" is required","time":"2018-12-30T10:00:17.778Z"}
{"level":"error","message":"\"title\" is required","time":"2018-12-30T10:00:17.784Z"}
{"level":"error","message":"\"name\" is required","time":"2018-12-30T10:00:17.800Z"}
{"level":"error","message":"\"name\" must be a string","time":"2018-12-30T10:00:17.804Z"}
{"level":"error","message":"\"name\" is required","time":"2018-12-30T10:00:17.819Z"}
{"level":"error","message":"\"name\" must be a string","time":"2018-12-30T10:00:17.824Z"}
{"level":"error","message":"\"title\" is required","time":"2018-12-30T10:01:48.447Z"}
{"level":"error","message":"\"title\" is required","time":"2018-12-30T10:01:48.452Z"}
{"level":"error","message":"\"name\" is required","time":"2018-12-30T10:01:48.469Z"}
{"level":"error","message":"\"name\" must be a string","time":"2018-12-30T10:01:48.473Z"}
{"level":"error","message":"\"name\" is required","time":"2018-12-30T10:01:48.487Z"}
{"level":"error","message":"\"name\" must be a string","time":"2018-12-30T10:01:48.491Z"}
{"level":"error","message":"\"title\" is required","time":"2018-12-30T10:04:42.674Z"}
{"level":"error","message":"\"title\" is required","time":"2018-12-30T10:04:42.679Z"}
{"level":"error","message":"\"name\" is required","time":"2018-12-30T10:04:42.699Z"}
{"level":"error","message":"\"name\" must be a string","time":"2018-12-30T10:04:42.703Z"}
{"level":"error","message":"\"name\" is required","time":"2018-12-30T10:04:42.717Z"}
{"level":"error","message":"\"name\" must be a string","time":"2018-12-30T10:04:42.720Z"}
{"level":"error","message":"\"title\" is required","time":"2018-12-30T10:05:19.714Z"}
{"level":"error","message":"\"title\" is required","time":"2018-12-30T10:05:19.719Z"}
{"level":"error","message":"\"name\" is required","time":"2018-12-30T10:05:19.742Z"}
{"level":"error","message":"\"name\" must be a string","time":"2018-12-30T10:05:19.745Z"}
{"level":"error","message":"\"name\" is required","time":"2018-12-30T10:05:19.759Z"}
{"level":"error","message":"\"name\" must be a string","time":"2018-12-30T10:05:19.762Z"}
{"level":"error","message":"\"title\" is required","time":"2018-12-30T10:07:52.620Z"}
{"level":"error","message":"\"title\" is required","time":"2018-12-30T10:07:52.626Z"}
{"level":"error","message":"\"name\" is required","time":"2018-12-30T10:07:52.648Z"}
{"level":"error","message":"\"name\" must be a string","time":"2018-12-30T10:07:52.651Z"}
{"level":"error","message":"\"name\" is required","time":"2018-12-30T10:07:52.663Z"}
{"level":"error","message":"\"name\" must be a string","time":"2018-12-30T10:07:52.667Z"}
{"level":"error","message":"\"title\" is required","time":"2018-12-30T10:15:06.283Z"}
{"level":"error","message":"\"title\" is required","time":"2018-12-30T10:15:06.288Z"}
{"level":"error","message":"\"name\" is required","time":"2018-12-30T10:15:06.312Z"}
{"level":"error","message":"\"name\" must be a string","time":"2018-12-30T10:15:06.316Z"}
{"level":"error","message":"\"name\" is required","time":"2018-12-30T10:15:06.329Z"}
{"level":"error","message":"\"name\" must be a string","time":"2018-12-30T10:15:06.333Z"}
{"level":"error","message":"\"title\" is required","time":"2018-12-30T10:54:13.414Z"}
{"level":"error","message":"\"title\" is required","time":"2018-12-30T10:54:13.419Z"}
{"level":"error","message":"\"name\" is required","time":"2018-12-30T10:54:13.440Z"}
{"level":"error","message":"\"name\" must be a string","time":"2018-12-30T10:54:13.443Z"}
{"level":"error","message":"\"name\" is required","time":"2018-12-30T10:54:13.457Z"}
{"level":"error","message":"\"name\" must be a string","time":"2018-12-30T10:54:13.460Z"}
{"level":"error","message":"\"title\" is required","time":"2018-12-30T10:55:42.157Z"}
{"level":"error","message":"\"title\" is required","time":"2018-12-30T10:55:42.163Z"}
{"level":"error","message":"\"name\" is required","time":"2018-12-30T10:55:42.186Z"}
{"level":"error","message":"\"name\" must be a string","time":"2018-12-30T10:55:42.190Z"}
{"level":"error","message":"\"name\" is required","time":"2018-12-30T10:55:42.205Z"}
{"level":"error","message":"\"name\" must be a string","time":"2018-12-30T10:55:42.208Z"}
{"level":"error","message":"\"title\" is required","time":"2018-12-30T11:01:20.075Z"}
{"level":"error","message":"\"title\" is required","time":"2018-12-30T11:01:20.080Z"}
{"level":"error","message":"\"name\" is required","time":"2018-12-30T11:01:20.099Z"}
{"level":"error","message":"\"name\" must be a string","time":"2018-12-30T11:01:20.103Z"}
{"level":"error","message":"\"name\" is required","time":"2018-12-30T11:01:20.117Z"}
{"level":"error","message":"\"name\" must be a string","time":"2018-12-30T11:01:20.122Z"}
{"level":"error","message":"invalid id","time":"2018-12-30T11:01:20.142Z"}
{"level":"error","message":"Category that has a relation can not be deleted","time":"2018-12-30T11:01:20.148Z"}
{"level":"error","message":"\"title\" is required","time":"2018-12-30T11:04:40.507Z"}
{"level":"error","message":"\"title\" is required","time":"2018-12-30T11:04:40.513Z"}
{"level":"error","message":"\"name\" is required","time":"2018-12-30T11:04:40.536Z"}
{"level":"error","message":"\"name\" must be a string","time":"2018-12-30T11:04:40.539Z"}
{"level":"error","message":"invalid id","time":"2018-12-30T11:04:40.557Z"}
{"level":"error","message":"Author who has a relation can not be deleted","time":"2018-12-30T11:04:40.564Z"}
{"level":"error","message":"\"name\" is required","time":"2018-12-30T11:04:40.579Z"}
{"level":"error","message":"\"name\" must be a string","time":"2018-12-30T11:04:40.583Z"}
{"level":"error","message":"invalid id","time":"2018-12-30T11:04:40.601Z"}
{"level":"error","message":"Category that has a relation can not be deleted","time":"2018-12-30T11:04:40.608Z"}
{"level":"error","message":"\"title\" is required","time":"2018-12-30T11:05:44.711Z"}
{"level":"error","message":"\"title\" is required","time":"2018-12-30T11:05:44.717Z"}
{"level":"error","message":"\"name\" is required","time":"2018-12-30T11:05:44.741Z"}
{"level":"error","message":"\"name\" must be a string","time":"2018-12-30T11:05:44.744Z"}
{"level":"error","message":"invalid id","time":"2018-12-30T11:05:44.763Z"}
{"level":"error","message":"Author who has a relation can not be deleted","time":"2018-12-30T11:05:44.769Z"}
{"level":"error","message":"\"name\" is required","time":"2018-12-30T11:05:44.785Z"}
{"level":"error","message":"\"name\" must be a string","time":"2018-12-30T11:05:44.788Z"}
{"level":"error","message":"invalid id","time":"2018-12-30T11:05:44.807Z"}
{"level":"error","message":"Category that has a relation can not be deleted","time":"2018-12-30T11:05:44.812Z"}
{"level":"error","message":"\"title\" is required","time":"2018-12-30T11:10:40.470Z"}
{"level":"error","message":"\"title\" is required","time":"2018-12-30T11:10:40.475Z"}
{"level":"error","message":"invalid book id","time":"2018-12-30T11:10:40.501Z"}
{"level":"error","message":"\"name\" is required","time":"2018-12-30T11:10:40.516Z"}
{"level":"error","message":"\"name\" must be a string","time":"2018-12-30T11:10:40.520Z"}
{"level":"error","message":"invalid id","time":"2018-12-30T11:10:40.540Z"}
{"level":"error","message":"Author who has a relation can not be deleted","time":"2018-12-30T11:10:40.548Z"}
{"level":"error","message":"\"name\" is required","time":"2018-12-30T11:10:40.562Z"}
{"level":"error","message":"\"name\" must be a string","time":"2018-12-30T11:10:40.565Z"}
{"level":"error","message":"invalid id","time":"2018-12-30T11:10:40.584Z"}
{"level":"error","message":"Category that has a relation can not be deleted","time":"2018-12-30T11:10:40.591Z"}
{"level":"error","message":"\"title\" is required","time":"2018-12-30T11:18:17.478Z"}
{"level":"error","message":"\"title\" is required","time":"2018-12-30T11:18:17.483Z"}
{"level":"error","message":"\"title\" is required","time":"2018-12-30T11:18:17.505Z"}
{"level":"error","message":"\"title\" is required","time":"2018-12-30T11:18:17.509Z"}
{"level":"error","message":"invalid book id","time":"2018-12-30T11:18:17.537Z"}
{"level":"error","message":"\"name\" is required","time":"2018-12-30T11:18:17.551Z"}
{"level":"error","message":"\"name\" must be a string","time":"2018-12-30T11:18:17.555Z"}
{"level":"error","message":"invalid id","time":"2018-12-30T11:18:17.572Z"}
{"level":"error","message":"Author who has a relation can not be deleted","time":"2018-12-30T11:18:17.579Z"}
{"level":"error","message":"\"name\" is required","time":"2018-12-30T11:18:17.593Z"}
{"level":"error","message":"\"name\" must be a string","time":"2018-12-30T11:18:17.596Z"}
{"level":"error","message":"invalid id","time":"2018-12-30T11:18:17.615Z"}
{"level":"error","message":"Category that has a relation can not be deleted","time":"2018-12-30T11:18:17.621Z"}
{"level":"error","message":"\"title\" is required","time":"2018-12-30T11:21:06.004Z"}
{"level":"error","message":"\"title\" is required","time":"2018-12-30T11:21:06.009Z"}
{"level":"error","message":"\"title\" is required","time":"2018-12-30T11:21:06.031Z"}
{"level":"error","message":"\"title\" is required","time":"2018-12-30T11:21:06.035Z"}
{"level":"error","message":"invalid book id","time":"2018-12-30T11:21:06.064Z"}
{"level":"error","message":"\"name\" is required","time":"2018-12-30T11:21:06.078Z"}
{"level":"error","message":"\"name\" must be a string","time":"2018-12-30T11:21:06.083Z"}
{"level":"error","message":"invalid id","time":"2018-12-30T11:21:06.098Z"}
{"level":"error","message":"Author who has a relation can not be deleted","time":"2018-12-30T11:21:06.104Z"}
{"level":"error","message":"\"name\" is required","time":"2018-12-30T11:21:06.116Z"}
{"level":"error","message":"\"name\" must be a string","time":"2018-12-30T11:21:06.122Z"}
{"level":"error","message":"invalid id","time":"2018-12-30T11:21:06.142Z"}
{"level":"error","message":"Category that has a relation can not be deleted","time":"2018-12-30T11:21:06.150Z"}
{"level":"error","message":"\"title\" is required","time":"2018-12-30T13:00:10.247Z"}
{"level":"error","message":"\"title\" is required","time":"2018-12-30T13:00:10.252Z"}
{"level":"error","message":"\"title\" is required","time":"2018-12-30T13:00:10.279Z"}
{"level":"error","message":"\"title\" is required","time":"2018-12-30T13:00:10.282Z"}
{"level":"error","message":"invalid book id","time":"2018-12-30T13:00:10.311Z"}
{"level":"error","message":"\"name\" is required","time":"2018-12-30T13:00:10.323Z"}
{"level":"error","message":"\"name\" must be a string","time":"2018-12-30T13:00:10.326Z"}
{"level":"error","message":"\"name\" is required","time":"2018-12-30T13:00:10.342Z"}
{"level":"error","message":"\"name\" must be a string","time":"2018-12-30T13:00:10.346Z"}
{"level":"error","message":"invalid id","time":"2018-12-30T13:00:10.369Z"}
{"level":"error","message":"Author who has a relation can not be deleted","time":"2018-12-30T13:00:10.377Z"}
{"level":"error","message":"\"name\" is required","time":"2018-12-30T13:00:10.390Z"}
{"level":"error","message":"\"name\" must be a string","time":"2018-12-30T13:00:10.393Z"}
{"level":"error","message":"invalid id","time":"2018-12-30T13:00:10.413Z"}
{"level":"error","message":"Category that has a relation can not be deleted","time":"2018-12-30T13:00:10.419Z"}
{"level":"error","message":"\"title\" is required","time":"2018-12-30T13:03:08.289Z"}
{"level":"error","message":"\"title\" is required","time":"2018-12-30T13:03:08.295Z"}
{"level":"error","message":"\"title\" is required","time":"2018-12-30T13:03:08.323Z"}
{"level":"error","message":"\"title\" is required","time":"2018-12-30T13:03:08.326Z"}
{"level":"error","message":"invalid book id","time":"2018-12-30T13:03:08.356Z"}
{"level":"error","message":"\"name\" is required","time":"2018-12-30T13:03:08.372Z"}
{"level":"error","message":"\"name\" must be a string","time":"2018-12-30T13:03:08.375Z"}
{"level":"error","message":"\"name\" is required","time":"2018-12-30T13:03:08.393Z"}
{"level":"error","message":"\"name\" must be a string","time":"2018-12-30T13:03:08.396Z"}
{"level":"error","message":"invalid id","time":"2018-12-30T13:03:08.415Z"}
{"level":"error","message":"Author who has a relation can not be deleted","time":"2018-12-30T13:03:08.422Z"}
{"level":"error","message":"\"name\" is required","time":"2018-12-30T13:03:08.435Z"}
{"level":"error","message":"\"name\" must be a string","time":"2018-12-30T13:03:08.439Z"}
{"level":"error","message":"invalid id","time":"2018-12-30T13:03:08.457Z"}
{"level":"error","message":"Category that has a relation can not be deleted","time":"2018-12-30T13:03:08.463Z"}
{"level":"error","message":"\"title\" is required","time":"2018-12-30T13:11:25.118Z"}
{"level":"error","message":"\"title\" is required","time":"2018-12-30T13:11:25.123Z"}
{"level":"error","message":"\"title\" is required","time":"2018-12-30T13:11:25.147Z"}
{"level":"error","message":"\"title\" is required","time":"2018-12-30T13:11:25.151Z"}
{"level":"error","message":"invalid book id","time":"2018-12-30T13:11:25.180Z"}
{"level":"error","message":"\"name\" is required","time":"2018-12-30T13:11:25.194Z"}
{"level":"error","message":"\"name\" must be a string","time":"2018-12-30T13:11:25.198Z"}
{"level":"error","message":"\"name\" is required","time":"2018-12-30T13:11:25.216Z"}
{"level":"error","message":"\"name\" must be a string","time":"2018-12-30T13:11:25.220Z"}
{"level":"error","message":"invalid id","time":"2018-12-30T13:11:25.237Z"}
{"level":"error","message":"Author who has a relation can not be deleted","time":"2018-12-30T13:11:25.243Z"}
{"level":"error","message":"\"name\" is required","time":"2018-12-30T13:11:25.256Z"}
{"level":"error","message":"\"name\" must be a string","time":"2018-12-30T13:11:25.260Z"}
{"level":"error","message":"\"name\" is required","time":"2018-12-30T13:11:25.275Z"}
{"level":"error","message":"\"name\" must be a string","time":"2018-12-30T13:11:25.278Z"}
{"level":"error","message":"invalid id","time":"2018-12-30T13:11:25.295Z"}
{"level":"error","message":"Category that has a relation can not be deleted","time":"2018-12-30T13:11:25.302Z"}
{"level":"error","message":"\"title\" is required","time":"2018-12-30T13:21:38.366Z"}
{"level":"error","message":"\"title\" is required","time":"2018-12-30T13:21:38.373Z"}
{"level":"error","message":"\"title\" is required","time":"2018-12-30T13:21:38.395Z"}
{"level":"error","message":"\"title\" is required","time":"2018-12-30T13:21:38.398Z"}
{"level":"error","message":"invalid book id","time":"2018-12-30T13:21:38.424Z"}
{"level":"error","message":"\"name\" is required","time":"2018-12-30T13:21:38.439Z"}
{"level":"error","message":"\"name\" must be a string","time":"2018-12-30T13:21:38.442Z"}
{"level":"error","message":"\"name\" is required","time":"2018-12-30T13:21:38.457Z"}
{"level":"error","message":"\"name\" must be a string","time":"2018-12-30T13:21:38.460Z"}
{"level":"error","message":"invalid id","time":"2018-12-30T13:21:38.477Z"}
{"level":"error","message":"Author who has a relation can not be deleted","time":"2018-12-30T13:21:38.483Z"}
{"level":"error","message":"\"name\" is required","time":"2018-12-30T13:21:38.497Z"}
{"level":"error","message":"\"name\" must be a string","time":"2018-12-30T13:21:38.501Z"}
{"level":"error","message":"Invalid category id","time":"2018-12-30T13:21:38.506Z"}
{"level":"error","message":"\"name\" is required","time":"2018-12-30T13:21:38.510Z"}
{"level":"error","message":"\"name\" must be a string","time":"2018-12-30T13:21:38.514Z"}
{"level":"error","message":"invalid id","time":"2018-12-30T13:21:38.530Z"}
{"level":"error","message":"Category that has a relation can not be deleted","time":"2018-12-30T13:21:38.538Z"}
{"level":"error","message":"\"title\" is required","time":"2018-12-30T13:21:52.140Z"}
{"level":"error","message":"\"title\" is required","time":"2018-12-30T13:21:52.146Z"}
{"level":"error","message":"\"title\" is required","time":"2018-12-30T13:21:52.169Z"}
{"level":"error","message":"\"title\" is required","time":"2018-12-30T13:21:52.172Z"}
{"level":"error","message":"invalid book id","time":"2018-12-30T13:21:52.199Z"}
{"level":"error","message":"\"name\" is required","time":"2018-12-30T13:21:52.211Z"}
{"level":"error","message":"\"name\" must be a string","time":"2018-12-30T13:21:52.214Z"}
{"level":"error","message":"\"name\" is required","time":"2018-12-30T13:21:52.228Z"}
{"level":"error","message":"\"name\" must be a string","time":"2018-12-30T13:21:52.233Z"}
{"level":"error","message":"invalid id","time":"2018-12-30T13:21:52.248Z"}
{"level":"error","message":"Author who has a relation can not be deleted","time":"2018-12-30T13:21:52.254Z"}
{"level":"error","message":"\"name\" is required","time":"2018-12-30T13:21:52.268Z"}
{"level":"error","message":"\"name\" must be a string","time":"2018-12-30T13:21:52.271Z"}
{"level":"error","message":"Invalid category id","time":"2018-12-30T13:21:52.276Z"}
{"level":"error","message":"\"name\" is required","time":"2018-12-30T13:21:52.281Z"}
{"level":"error","message":"\"name\" must be a string","time":"2018-12-30T13:21:52.284Z"}
{"level":"error","message":"invalid id","time":"2018-12-30T13:21:52.301Z"}
{"level":"error","message":"Category that has a relation can not be deleted","time":"2018-12-30T13:21:52.307Z"}
{"level":"error","message":"\"title\" is required","time":"2018-12-30T13:22:30.097Z"}
{"level":"error","message":"\"title\" is required","time":"2018-12-30T13:22:30.103Z"}
{"level":"error","message":"\"title\" is required","time":"2018-12-30T13:22:30.124Z"}
{"level":"error","message":"\"title\" is required","time":"2018-12-30T13:22:30.129Z"}
{"level":"error","message":"invalid book id","time":"2018-12-30T13:22:30.154Z"}
{"level":"error","message":"\"name\" is required","time":"2018-12-30T13:22:30.166Z"}
{"level":"error","message":"\"name\" must be a string","time":"2018-12-30T13:22:30.170Z"}
{"level":"error","message":"\"name\" is required","time":"2018-12-30T13:22:30.186Z"}
{"level":"error","message":"\"name\" must be a string","time":"2018-12-30T13:22:30.190Z"}
{"level":"error","message":"invalid id","time":"2018-12-30T13:22:30.205Z"}
{"level":"error","message":"Author who has a relation can not be deleted","time":"2018-12-30T13:22:30.211Z"}
{"level":"error","message":"\"name\" is required","time":"2018-12-30T13:22:30.223Z"}
{"level":"error","message":"\"name\" must be a string","time":"2018-12-30T13:22:30.228Z"}
{"level":"error","message":"Invalid category id","time":"2018-12-30T13:22:30.233Z"}
{"level":"error","message":"\"name\" is required","time":"2018-12-30T13:22:30.237Z"}
{"level":"error","message":"\"name\" must be a string","time":"2018-12-30T13:22:30.241Z"}
{"level":"error","message":"invalid id","time":"2018-12-30T13:22:30.256Z"}
{"level":"error","message":"Category that has a relation can not be deleted","time":"2018-12-30T13:22:30.264Z"}
{"level":"error","message":"\"title\" is required","time":"2018-12-30T13:27:19.035Z"}
{"level":"error","message":"\"title\" is required","time":"2018-12-30T13:27:19.042Z"}
{"level":"error","message":"\"title\" is required","time":"2018-12-30T13:27:19.066Z"}
{"level":"error","message":"\"title\" is required","time":"2018-12-30T13:27:19.069Z"}
{"level":"error","message":"invalid book id","time":"2018-12-30T13:27:19.095Z"}
{"level":"error","message":"\"name\" is required","time":"2018-12-30T13:27:19.110Z"}
{"level":"error","message":"\"name\" must be a string","time":"2018-12-30T13:27:19.113Z"}
{"level":"error","message":"\"name\" is required","time":"2018-12-30T13:27:19.128Z"}
{"level":"error","message":"\"name\" must be a string","time":"2018-12-30T13:27:19.131Z"}
{"level":"error","message":"invalid id","time":"2018-12-30T13:27:19.147Z"}
{"level":"error","message":"Author who has a relation can not be deleted","time":"2018-12-30T13:27:19.152Z"}
{"level":"error","message":"\"name\" is required","time":"2018-12-30T13:27:19.164Z"}
{"level":"error","message":"\"name\" must be a string","time":"2018-12-30T13:27:19.169Z"}
{"level":"error","message":"\"name\" is required","time":"2018-12-30T13:27:19.185Z"}
{"level":"error","message":"\"name\" must be a string","time":"2018-12-30T13:27:19.188Z"}
{"level":"error","message":"Invalid category id","time":"2018-12-30T13:27:19.193Z"}
{"level":"error","message":"invalid id","time":"2018-12-30T13:27:19.212Z"}
{"level":"error","message":"Category that has a relation can not be deleted","time":"2018-12-30T13:27:19.218Z"}
{"level":"error","message":"\"title\" is required","time":"2018-12-30T13:28:46.232Z"}
{"level":"error","message":"\"title\" is required","time":"2018-12-30T13:28:46.237Z"}
{"level":"error","message":"\"title\" is required","time":"2018-12-30T13:28:46.261Z"}
{"level":"error","message":"\"title\" is required","time":"2018-12-30T13:28:46.265Z"}
{"level":"error","message":"Invalid book id","time":"2018-12-30T13:28:46.278Z"}
{"level":"error","message":"invalid book id","time":"2018-12-30T13:28:46.297Z"}
{"level":"error","message":"\"name\" is required","time":"2018-12-30T13:28:46.310Z"}
{"level":"error","message":"\"name\" must be a string","time":"2018-12-30T13:28:46.313Z"}
{"level":"error","message":"\"name\" is required","time":"2018-12-30T13:28:46.329Z"}
{"level":"error","message":"\"name\" must be a string","time":"2018-12-30T13:28:46.332Z"}
{"level":"error","message":"Invalid author id","time":"2018-12-30T13:28:46.337Z"}
{"level":"error","message":"invalid id","time":"2018-12-30T13:28:46.352Z"}
{"level":"error","message":"Author who has a relation can not be deleted","time":"2018-12-30T13:28:46.358Z"}
{"level":"error","message":"\"name\" is required","time":"2018-12-30T13:28:46.371Z"}
{"level":"error","message":"\"name\" must be a string","time":"2018-12-30T13:28:46.375Z"}
{"level":"error","message":"Invalid category id","time":"2018-12-30T13:28:46.381Z"}
{"level":"error","message":"\"name\" is required","time":"2018-12-30T13:28:46.385Z"}
{"level":"error","message":"\"name\" must be a string","time":"2018-12-30T13:28:46.389Z"}
{"level":"error","message":"Invalid category id","time":"2018-12-30T13:28:46.395Z"}
{"level":"error","message":"invalid id","time":"2018-12-30T13:28:46.412Z"}
{"level":"error","message":"Category that has a relation can not be deleted","time":"2018-12-30T13:28:46.418Z"}
{"level":"error","message":"\"title\" is required","time":"2018-12-30T13:32:17.401Z"}
{"level":"error","message":"\"title\" is required","time":"2018-12-30T13:32:17.407Z"}
{"level":"error","message":"\"title\" is required","time":"2018-12-30T13:32:17.430Z"}
{"level":"error","message":"\"title\" is required","time":"2018-12-30T13:32:17.433Z"}
{"level":"error","message":"Invalid book id","time":"2018-12-30T13:32:17.446Z"}
{"level":"error","message":"invalid book id","time":"2018-12-30T13:32:17.465Z"}
{"level":"error","message":"\"name\" is required","time":"2018-12-30T13:32:17.479Z"}
{"level":"error","message":"\"name\" must be a string","time":"2018-12-30T13:32:17.482Z"}
{"level":"error","message":"\"name\" is required","time":"2018-12-30T13:32:17.499Z"}
{"level":"error","message":"\"name\" must be a string","time":"2018-12-30T13:32:17.502Z"}
{"level":"error","message":"Invalid author id","time":"2018-12-30T13:32:17.508Z"}
{"level":"error","message":"invalid id","time":"2018-12-30T13:32:17.524Z"}
{"level":"error","message":"Author who has a relation can not be deleted","time":"2018-12-30T13:32:17.530Z"}
{"level":"error","message":"\"name\" is required","time":"2018-12-30T13:32:17.543Z"}
{"level":"error","message":"\"name\" must be a string","time":"2018-12-30T13:32:17.546Z"}
{"level":"error","message":"\"name\" is required","time":"2018-12-30T13:32:17.563Z"}
{"level":"error","message":"\"name\" must be a string","time":"2018-12-30T13:32:17.567Z"}
{"level":"error","message":"Invalid category id","time":"2018-12-30T13:32:17.574Z"}
{"level":"error","message":"invalid id","time":"2018-12-30T13:32:17.589Z"}
{"level":"error","message":"Category that has a relation can not be deleted","time":"2018-12-30T13:32:17.594Z"}
{"level":"error","message":"\"title\" is required","time":"2018-12-30T13:32:32.427Z"}
{"level":"error","message":"\"title\" is required","time":"2018-12-30T13:32:32.433Z"}
{"level":"error","message":"\"title\" is required","time":"2018-12-30T13:32:32.457Z"}
{"level":"error","message":"\"title\" is required","time":"2018-12-30T13:32:32.460Z"}
{"level":"error","message":"Invalid book id","time":"2018-12-30T13:32:32.473Z"}
{"level":"error","message":"invalid book id","time":"2018-12-30T13:32:32.491Z"}
{"level":"error","message":"\"name\" is required","time":"2018-12-30T13:32:32.503Z"}
{"level":"error","message":"\"name\" must be a string","time":"2018-12-30T13:32:32.506Z"}
{"level":"error","message":"\"name\" is required","time":"2018-12-30T13:32:32.522Z"}
{"level":"error","message":"\"name\" must be a string","time":"2018-12-30T13:32:32.525Z"}
{"level":"error","message":"Invalid author id","time":"2018-12-30T13:32:32.530Z"}
{"level":"error","message":"invalid id","time":"2018-12-30T13:32:32.548Z"}
{"level":"error","message":"Author who has a relation can not be deleted","time":"2018-12-30T13:32:32.554Z"}
{"level":"error","message":"\"name\" is required","time":"2018-12-30T13:32:32.567Z"}
{"level":"error","message":"\"name\" must be a string","time":"2018-12-30T13:32:32.570Z"}
{"level":"error","message":"Invalid category id","time":"2018-12-30T13:32:32.578Z"}
{"level":"error","message":"\"name\" is required","time":"2018-12-30T13:32:32.583Z"}
{"level":"error","message":"\"name\" must be a string","time":"2018-12-30T13:32:32.586Z"}
{"level":"error","message":"Invalid category id","time":"2018-12-30T13:32:32.591Z"}
{"level":"error","message":"invalid id","time":"2018-12-30T13:32:32.610Z"}
{"level":"error","message":"Category that has a relation can not be deleted","time":"2018-12-30T13:32:32.616Z"}
{"level":"error","message":"\"name\" is required","time":"2018-12-30T13:35:55.812Z"}
{"level":"error","message":"\"name\" is required","time":"2018-12-30T13:36:30.416Z"}
{"level":"error","message":"\"title\" is required","time":"2018-12-30T13:38:37.997Z"}
{"level":"error","message":"\"title\" is required","time":"2018-12-30T13:38:38.003Z"}
{"level":"error","message":"\"title\" is required","time":"2018-12-30T13:38:38.026Z"}
{"level":"error","message":"\"title\" is required","time":"2018-12-30T13:38:38.029Z"}
{"level":"error","message":"Invalid book id","time":"2018-12-30T13:38:38.043Z"}
{"level":"error","message":"invalid book id","time":"2018-12-30T13:38:38.060Z"}
{"level":"error","message":"\"name\" is required","time":"2018-12-30T13:38:38.072Z"}
{"level":"error","message":"\"name\" must be a string","time":"2018-12-30T13:38:38.076Z"}
{"level":"error","message":"\"name\" is required","time":"2018-12-30T13:38:38.090Z"}
{"level":"error","message":"\"name\" must be a string","time":"2018-12-30T13:38:38.094Z"}
{"level":"error","message":"Invalid author id","time":"2018-12-30T13:38:38.099Z"}
{"level":"error","message":"invalid id","time":"2018-12-30T13:38:38.116Z"}
{"level":"error","message":"Author who has a relation can not be deleted","time":"2018-12-30T13:38:38.122Z"}
{"level":"error","message":"\"name\" is required","time":"2018-12-30T13:38:38.136Z"}
{"level":"error","message":"\"name\" must be a string","time":"2018-12-30T13:38:38.139Z"}
{"level":"error","message":"\"name\" is required","time":"2018-12-30T13:38:38.155Z"}
{"level":"error","message":"\"name\" must be a string","time":"2018-12-30T13:38:38.158Z"}
{"level":"error","message":"Invalid category id","time":"2018-12-30T13:38:38.163Z"}
{"level":"error","message":"invalid id","time":"2018-12-30T13:38:38.181Z"}
{"level":"error","message":"Category that has a relation can not be deleted","time":"2018-12-30T13:38:38.187Z"}
{"level":"error","message":"\"title\" is required","time":"2018-12-30T13:38:43.657Z"}
{"level":"error","message":"\"title\" is required","time":"2018-12-30T13:38:43.662Z"}
{"level":"error","message":"\"title\" is required","time":"2018-12-30T13:38:43.686Z"}
{"level":"error","message":"\"title\" is required","time":"2018-12-30T13:38:43.690Z"}
{"level":"error","message":"Invalid book id","time":"2018-12-30T13:38:43.703Z"}
{"level":"error","message":"invalid book id","time":"2018-12-30T13:38:43.721Z"}
{"level":"error","message":"\"name\" is required","time":"2018-12-30T13:38:43.734Z"}
{"level":"error","message":"\"name\" must be a string","time":"2018-12-30T13:38:43.737Z"}
{"level":"error","message":"\"name\" is required","time":"2018-12-30T13:38:43.754Z"}
{"level":"error","message":"\"name\" must be a string","time":"2018-12-30T13:38:43.758Z"}
{"level":"error","message":"Invalid author id","time":"2018-12-30T13:38:43.763Z"}
{"level":"error","message":"invalid id","time":"2018-12-30T13:38:43.781Z"}
{"level":"error","message":"Author who has a relation can not be deleted","time":"2018-12-30T13:38:43.787Z"}
{"level":"error","message":"\"name\" is required","time":"2018-12-30T13:38:43.801Z"}
{"level":"error","message":"\"name\" must be a string","time":"2018-12-30T13:38:43.804Z"}
{"level":"error","message":"Invalid category id","time":"2018-12-30T13:38:43.810Z"}
{"level":"error","message":"\"name\" is required","time":"2018-12-30T13:38:43.814Z"}
{"level":"error","message":"\"name\" must be a string","time":"2018-12-30T13:38:43.817Z"}
{"level":"error","message":"Invalid category id","time":"2018-12-30T13:38:43.823Z"}
{"level":"error","message":"invalid id","time":"2018-12-30T13:38:43.841Z"}
{"level":"error","message":"Category that has a relation can not be deleted","time":"2018-12-30T13:38:43.846Z"}
{"level":"error","message":"\"title\" is required","time":"2018-12-30T13:45:57.402Z"}
{"level":"error","message":"\"title\" is required","time":"2018-12-30T13:45:57.407Z"}
{"level":"error","message":"\"title\" is required","time":"2018-12-30T13:45:57.427Z"}
{"level":"error","message":"\"title\" is required","time":"2018-12-30T13:45:57.431Z"}
{"level":"error","message":"Invalid book id","time":"2018-12-30T13:45:57.446Z"}
{"level":"error","message":"invalid book id","time":"2018-12-30T13:45:57.464Z"}
{"level":"error","message":"\"name\" is required","time":"2018-12-30T13:45:57.476Z"}
{"level":"error","message":"\"name\" must be a string","time":"2018-12-30T13:45:57.480Z"}
{"level":"error","message":"\"name\" is required","time":"2018-12-30T13:45:57.497Z"}
{"level":"error","message":"\"name\" must be a string","time":"2018-12-30T13:45:57.501Z"}
{"level":"error","message":"Invalid author id","time":"2018-12-30T13:45:57.505Z"}
{"level":"error","message":"invalid id","time":"2018-12-30T13:45:57.521Z"}
{"level":"error","message":"Author who has a relation can not be deleted","time":"2018-12-30T13:45:57.527Z"}
{"level":"error","message":"\"name\" is required","time":"2018-12-30T13:45:57.541Z"}
{"level":"error","message":"\"name\" must be a string","time":"2018-12-30T13:45:57.544Z"}
{"level":"error","message":"\"name\" is required","time":"2018-12-30T13:45:57.560Z"}
{"level":"error","message":"\"name\" must be a string","time":"2018-12-30T13:45:57.563Z"}
{"level":"error","message":"Invalid category id","time":"2018-12-30T13:45:57.568Z"}
{"level":"error","message":"invalid id","time":"2018-12-30T13:45:57.586Z"}
{"level":"error","message":"Category that has a relation can not be deleted","time":"2018-12-30T13:45:57.592Z"}
{"level":"error","message":"\"title\" is required","time":"2018-12-30T13:46:06.290Z"}
{"level":"error","message":"\"title\" is required","time":"2018-12-30T13:46:06.295Z"}
{"level":"error","message":"\"title\" is required","time":"2018-12-30T13:46:06.318Z"}
{"level":"error","message":"\"title\" is required","time":"2018-12-30T13:46:06.321Z"}
{"level":"error","message":"Invalid book id","time":"2018-12-30T13:46:06.334Z"}
{"level":"error","message":"invalid book id","time":"2018-12-30T13:46:06.350Z"}
{"level":"error","message":"\"name\" is required","time":"2018-12-30T13:46:06.362Z"}
{"level":"error","message":"\"name\" must be a string","time":"2018-12-30T13:46:06.367Z"}
{"level":"error","message":"\"name\" is required","time":"2018-12-30T13:46:06.382Z"}
{"level":"error","message":"\"name\" must be a string","time":"2018-12-30T13:46:06.385Z"}
{"level":"error","message":"Invalid author id","time":"2018-12-30T13:46:06.389Z"}
{"level":"error","message":"invalid id","time":"2018-12-30T13:46:06.406Z"}
{"level":"error","message":"Author who has a relation can not be deleted","time":"2018-12-30T13:46:06.412Z"}
{"level":"error","message":"\"name\" is required","time":"2018-12-30T13:46:06.425Z"}
{"level":"error","message":"\"name\" must be a string","time":"2018-12-30T13:46:06.428Z"}
{"level":"error","message":"Invalid category id","time":"2018-12-30T13:46:06.435Z"}
{"level":"error","message":"\"name\" is required","time":"2018-12-30T13:46:06.439Z"}
{"level":"error","message":"\"name\" must be a string","time":"2018-12-30T13:46:06.442Z"}
{"level":"error","message":"Invalid category id","time":"2018-12-30T13:46:06.447Z"}
{"level":"error","message":"invalid id","time":"2018-12-30T13:46:06.466Z"}
{"level":"error","message":"Category that has a relation can not be deleted","time":"2018-12-30T13:46:06.471Z"}
{"level":"error","message":"\"title\" is required","time":"2018-12-30T13:49:50.449Z"}
{"level":"error","message":"\"title\" is required","time":"2018-12-30T13:49:50.455Z"}
{"level":"error","message":"\"title\" is required","time":"2018-12-30T13:49:50.478Z"}
{"level":"error","message":"\"title\" is required","time":"2018-12-30T13:49:50.483Z"}
{"level":"error","message":"Invalid book id","time":"2018-12-30T13:49:50.495Z"}
{"level":"error","message":"invalid book id","time":"2018-12-30T13:49:50.511Z"}
{"level":"error","message":"\"name\" is required","time":"2018-12-30T13:49:50.523Z"}
{"level":"error","message":"\"name\" must be a string","time":"2018-12-30T13:49:50.526Z"}
{"level":"error","message":"\"name\" is required","time":"2018-12-30T13:49:50.542Z"}
{"level":"error","message":"\"name\" must be a string","time":"2018-12-30T13:49:50.545Z"}
{"level":"error","message":"Invalid author id","time":"2018-12-30T13:49:50.549Z"}
{"level":"error","message":"invalid id","time":"2018-12-30T13:49:50.565Z"}
{"level":"error","message":"Author who has a relation can not be deleted","time":"2018-12-30T13:49:50.571Z"}
{"level":"error","message":"\"name\" is required","time":"2018-12-30T13:49:50.585Z"}
{"level":"error","message":"\"name\" must be a string","time":"2018-12-30T13:49:50.588Z"}
{"level":"error","message":"\"name\" is required","time":"2018-12-30T13:49:50.603Z"}
{"level":"error","message":"\"name\" must be a string","time":"2018-12-30T13:49:50.606Z"}
{"level":"error","message":"Invalid category id","time":"2018-12-30T13:49:50.612Z"}
{"level":"error","message":"invalid id","time":"2018-12-30T13:49:50.626Z"}
{"level":"error","message":"Category that has a relation can not be deleted","time":"2018-12-30T13:49:50.631Z"}
{"level":"error","message":"\"title\" is required","time":"2018-12-30T13:49:56.834Z"}
{"level":"error","message":"\"title\" is required","time":"2018-12-30T13:49:56.839Z"}
{"level":"error","message":"\"title\" is required","time":"2018-12-30T13:49:56.863Z"}
{"level":"error","message":"\"title\" is required","time":"2018-12-30T13:49:56.866Z"}
{"level":"error","message":"Invalid book id","time":"2018-12-30T13:49:56.879Z"}
{"level":"error","message":"invalid book id","time":"2018-12-30T13:49:56.898Z"}
{"level":"error","message":"\"name\" is required","time":"2018-12-30T13:49:56.910Z"}
{"level":"error","message":"\"name\" must be a string","time":"2018-12-30T13:49:56.914Z"}
{"level":"error","message":"\"name\" is required","time":"2018-12-30T13:49:56.930Z"}
{"level":"error","message":"\"name\" must be a string","time":"2018-12-30T13:49:56.933Z"}
{"level":"error","message":"Invalid author id","time":"2018-12-30T13:49:56.938Z"}
{"level":"error","message":"invalid id","time":"2018-12-30T13:49:56.952Z"}
{"level":"error","message":"Author who has a relation can not be deleted","time":"2018-12-30T13:49:56.957Z"}
{"level":"error","message":"\"name\" is required","time":"2018-12-30T13:49:56.970Z"}
{"level":"error","message":"\"name\" must be a string","time":"2018-12-30T13:49:56.974Z"}
{"level":"error","message":"\"name\" is required","time":"2018-12-30T13:49:56.991Z"}
{"level":"error","message":"\"name\" must be a string","time":"2018-12-30T13:49:56.994Z"}
{"level":"error","message":"Invalid category id","time":"2018-12-30T13:49:57.003Z"}
{"level":"error","message":"invalid id","time":"2018-12-30T13:49:57.020Z"}
{"level":"error","message":"Category that has a relation can not be deleted","time":"2018-12-30T13:49:57.025Z"}
{"level":"error","message":"\"title\" is required","time":"2018-12-30T13:52:08.065Z"}
{"level":"error","message":"\"title\" is required","time":"2018-12-30T13:52:08.071Z"}
{"level":"error","message":"\"title\" is required","time":"2018-12-30T13:52:08.095Z"}
{"level":"error","message":"\"title\" is required","time":"2018-12-30T13:52:08.099Z"}
{"level":"error","message":"Invalid book id","time":"2018-12-30T13:52:08.113Z"}
{"level":"error","message":"invalid book id","time":"2018-12-30T13:52:08.130Z"}
{"level":"error","message":"\"name\" is required","time":"2018-12-30T13:52:08.144Z"}
{"level":"error","message":"\"name\" must be a string","time":"2018-12-30T13:52:08.147Z"}
{"level":"error","message":"\"name\" is required","time":"2018-12-30T13:52:08.164Z"}
{"level":"error","message":"\"name\" must be a string","time":"2018-12-30T13:52:08.167Z"}
{"level":"error","message":"Invalid author id","time":"2018-12-30T13:52:08.172Z"}
{"level":"error","message":"invalid id","time":"2018-12-30T13:52:08.187Z"}
{"level":"error","message":"Author who has a relation can not be deleted","time":"2018-12-30T13:52:08.192Z"}
{"level":"error","message":"\"name\" is required","time":"2018-12-30T13:52:08.205Z"}
{"level":"error","message":"\"name\" must be a string","time":"2018-12-30T13:52:08.209Z"}
{"level":"error","message":"\"name\" is required","time":"2018-12-30T13:52:08.225Z"}
{"level":"error","message":"\"name\" must be a string","time":"2018-12-30T13:52:08.229Z"}
{"level":"error","message":"Invalid category id","time":"2018-12-30T13:52:08.235Z"}
{"level":"error","message":"invalid id","time":"2018-12-30T13:52:08.251Z"}
{"level":"error","message":"Category that has a relation can not be deleted","time":"2018-12-30T13:52:08.258Z"}
{"level":"error","message":"\"title\" is required","time":"2018-12-30T13:52:21.278Z"}
{"level":"error","message":"\"title\" is required","time":"2018-12-30T13:52:21.285Z"}
{"level":"error","message":"\"title\" is required","time":"2018-12-30T13:52:21.309Z"}
{"level":"error","message":"\"title\" is required","time":"2018-12-30T13:52:21.313Z"}
{"level":"error","message":"Invalid book id","time":"2018-12-30T13:52:21.327Z"}
{"level":"error","message":"invalid book id","time":"2018-12-30T13:52:21.345Z"}
{"level":"error","message":"\"name\" is required","time":"2018-12-30T13:52:21.358Z"}
{"level":"error","message":"\"name\" must be a string","time":"2018-12-30T13:52:21.361Z"}
{"level":"error","message":"\"name\" is required","time":"2018-12-30T13:52:21.379Z"}
{"level":"error","message":"\"name\" must be a string","time":"2018-12-30T13:52:21.383Z"}
{"level":"error","message":"Invalid author id","time":"2018-12-30T13:52:21.388Z"}
{"level":"error","message":"invalid id","time":"2018-12-30T13:52:21.407Z"}
{"level":"error","message":"Author who has a relation can not be deleted","time":"2018-12-30T13:52:21.414Z"}
{"level":"error","message":"\"name\" is required","time":"2018-12-30T13:52:21.428Z"}
{"level":"error","message":"\"name\" must be a string","time":"2018-12-30T13:52:21.432Z"}
{"level":"error","message":"\"name\" is required","time":"2018-12-30T13:52:21.448Z"}
{"level":"error","message":"\"name\" must be a string","time":"2018-12-30T13:52:21.451Z"}
{"level":"error","message":"Invalid category id","time":"2018-12-30T13:52:21.456Z"}
{"level":"error","message":"invalid id","time":"2018-12-30T13:52:21.476Z"}
{"level":"error","message":"Category that has a relation can not be deleted","time":"2018-12-30T13:52:21.484Z"}
{"level":"error","message":"\"title\" is required","time":"2018-12-30T13:53:03.358Z"}
{"level":"error","message":"\"title\" is required","time":"2018-12-30T13:53:03.364Z"}
{"level":"error","message":"\"title\" is required","time":"2018-12-30T13:53:03.387Z"}
{"level":"error","message":"\"title\" is required","time":"2018-12-30T13:53:03.391Z"}
{"level":"error","message":"Invalid book id","time":"2018-12-30T13:53:03.403Z"}
{"level":"error","message":"invalid book id","time":"2018-12-30T13:53:03.423Z"}
{"level":"error","message":"\"name\" is required","time":"2018-12-30T13:53:03.435Z"}
{"level":"error","message":"\"name\" must be a string","time":"2018-12-30T13:53:03.438Z"}
{"level":"error","message":"\"name\" is required","time":"2018-12-30T13:53:03.455Z"}
{"level":"error","message":"\"name\" must be a string","time":"2018-12-30T13:53:03.458Z"}
{"level":"error","message":"Invalid author id","time":"2018-12-30T13:53:03.463Z"}
{"level":"error","message":"invalid id","time":"2018-12-30T13:53:03.483Z"}
{"level":"error","message":"Author who has a relation can not be deleted","time":"2018-12-30T13:53:03.489Z"}
{"level":"error","message":"\"name\" is required","time":"2018-12-30T13:53:03.501Z"}
{"level":"error","message":"\"name\" must be a string","time":"2018-12-30T13:53:03.506Z"}
{"level":"error","message":"\"name\" is required","time":"2018-12-30T13:53:03.525Z"}
{"level":"error","message":"\"name\" must be a string","time":"2018-12-30T13:53:03.529Z"}
{"level":"error","message":"Invalid category id","time":"2018-12-30T13:53:03.537Z"}
{"level":"error","message":"invalid id","time":"2018-12-30T13:53:03.554Z"}
{"level":"error","message":"Category that has a relation can not be deleted","time":"2018-12-30T13:53:03.559Z"}
{"level":"error","message":"\"title\" is required","time":"2018-12-30T13:54:58.866Z"}
{"level":"error","message":"\"title\" is required","time":"2018-12-30T13:54:58.871Z"}
{"level":"error","message":"\"title\" is required","time":"2018-12-30T13:54:58.897Z"}
{"level":"error","message":"\"title\" is required","time":"2018-12-30T13:54:58.900Z"}
{"level":"error","message":"Invalid book id","time":"2018-12-30T13:54:58.913Z"}
{"level":"error","message":"invalid book id","time":"2018-12-30T13:54:58.931Z"}
{"level":"error","message":"\"name\" is required","time":"2018-12-30T13:54:58.945Z"}
{"level":"error","message":"\"name\" must be a string","time":"2018-12-30T13:54:58.948Z"}
{"level":"error","message":"\"name\" is required","time":"2018-12-30T13:54:58.965Z"}
{"level":"error","message":"\"name\" must be a string","time":"2018-12-30T13:54:58.968Z"}
{"level":"error","message":"Invalid author id","time":"2018-12-30T13:54:58.973Z"}
{"level":"error","message":"invalid id","time":"2018-12-30T13:54:58.990Z"}
{"level":"error","message":"Author who has a relation can not be deleted","time":"2018-12-30T13:54:58.996Z"}
{"level":"error","message":"\"name\" is required","time":"2018-12-30T13:54:59.010Z"}
{"level":"error","message":"\"name\" must be a string","time":"2018-12-30T13:54:59.013Z"}
{"level":"error","message":"\"name\" is required","time":"2018-12-30T13:54:59.030Z"}
{"level":"error","message":"\"name\" must be a string","time":"2018-12-30T13:54:59.034Z"}
{"level":"error","message":"Invalid category id","time":"2018-12-30T13:54:59.039Z"}
{"level":"error","message":"invalid id","time":"2018-12-30T13:54:59.057Z"}
{"level":"error","message":"Category that has a relation can not be deleted","time":"2018-12-30T13:54:59.063Z"}
{"level":"error","message":"\"title\" is required","time":"2018-12-30T13:55:15.214Z"}
{"level":"error","message":"\"title\" is required","time":"2018-12-30T13:55:15.219Z"}
{"level":"error","message":"\"title\" is required","time":"2018-12-30T13:55:15.240Z"}
{"level":"error","message":"\"title\" is required","time":"2018-12-30T13:55:15.244Z"}
{"level":"error","message":"Invalid book id","time":"2018-12-30T13:55:15.256Z"}
{"level":"error","message":"invalid book id","time":"2018-12-30T13:55:15.274Z"}
{"level":"error","message":"\"name\" is required","time":"2018-12-30T13:55:15.286Z"}
{"level":"error","message":"\"name\" must be a string","time":"2018-12-30T13:55:15.289Z"}
{"level":"error","message":"\"name\" is required","time":"2018-12-30T13:55:15.304Z"}
{"level":"error","message":"\"name\" must be a string","time":"2018-12-30T13:55:15.307Z"}
{"level":"error","message":"Invalid author id","time":"2018-12-30T13:55:15.312Z"}
{"level":"error","message":"invalid id","time":"2018-12-30T13:55:15.329Z"}
{"level":"error","message":"Author who has a relation can not be deleted","time":"2018-12-30T13:55:15.335Z"}
{"level":"error","message":"\"name\" is required","time":"2018-12-30T13:55:15.351Z"}
{"level":"error","message":"\"name\" must be a string","time":"2018-12-30T13:55:15.354Z"}
{"level":"error","message":"\"name\" is required","time":"2018-12-30T13:55:15.372Z"}
{"level":"error","message":"\"name\" must be a string","time":"2018-12-30T13:55:15.375Z"}
{"level":"error","message":"Invalid category id","time":"2018-12-30T13:55:15.380Z"}
{"level":"error","message":"invalid id","time":"2018-12-30T13:55:15.396Z"}
{"level":"error","message":"Category that has a relation can not be deleted","time":"2018-12-30T13:55:15.402Z"}
{"level":"error","message":"\"title\" is required","time":"2018-12-30T14:01:01.423Z"}
{"level":"error","message":"\"title\" is required","time":"2018-12-30T14:01:01.430Z"}
{"level":"error","message":"\"title\" is required","time":"2018-12-30T14:01:01.452Z"}
{"level":"error","message":"\"title\" is required","time":"2018-12-30T14:01:01.455Z"}
{"level":"error","message":"Invalid book id","time":"2018-12-30T14:01:01.469Z"}
{"level":"error","message":"invalid book id","time":"2018-12-30T14:01:01.487Z"}
{"level":"error","message":"\"name\" is required","time":"2018-12-30T14:01:01.501Z"}
{"level":"error","message":"\"name\" must be a string","time":"2018-12-30T14:01:01.504Z"}
{"level":"error","message":"\"name\" is required","time":"2018-12-30T14:01:01.519Z"}
{"level":"error","message":"\"name\" must be a string","time":"2018-12-30T14:01:01.523Z"}
{"level":"error","message":"Invalid author id","time":"2018-12-30T14:01:01.528Z"}
{"level":"error","message":"invalid id","time":"2018-12-30T14:01:01.545Z"}
{"level":"error","message":"Author who has a relation can not be deleted","time":"2018-12-30T14:01:01.552Z"}
{"level":"error","message":"\"name\" is required","time":"2018-12-30T14:01:01.565Z"}
{"level":"error","message":"\"name\" must be a string","time":"2018-12-30T14:01:01.568Z"}
{"level":"error","message":"\"name\" is required","time":"2018-12-30T14:01:01.587Z"}
{"level":"error","message":"\"name\" must be a string","time":"2018-12-30T14:01:01.591Z"}
{"level":"error","message":"Invalid category id","time":"2018-12-30T14:01:01.597Z"}
{"level":"error","message":"invalid id","time":"2018-12-30T14:01:01.615Z"}
{"level":"error","message":"Category that has a relation can not be deleted","time":"2018-12-30T14:01:01.622Z"}
{"level":"error","message":"\"title\" is required","time":"2018-12-30T14:10:47.491Z"}
{"level":"error","message":"\"title\" is required","time":"2018-12-30T14:10:47.497Z"}
{"level":"error","message":"\"title\" is required","time":"2018-12-30T14:10:47.518Z"}
{"level":"error","message":"\"title\" is required","time":"2018-12-30T14:10:47.521Z"}
{"level":"error","message":"Invalid book id","time":"2018-12-30T14:10:47.532Z"}
{"level":"error","message":"invalid book id","time":"2018-12-30T14:10:47.552Z"}
{"level":"error","message":"\"name\" is required","time":"2018-12-30T14:10:47.563Z"}
{"level":"error","message":"\"name\" must be a string","time":"2018-12-30T14:10:47.566Z"}
{"level":"error","message":"\"name\" is required","time":"2018-12-30T14:10:47.579Z"}
{"level":"error","message":"\"name\" must be a string","time":"2018-12-30T14:10:47.583Z"}
{"level":"error","message":"Invalid author id","time":"2018-12-30T14:10:47.587Z"}
{"level":"error","message":"invalid id","time":"2018-12-30T14:10:47.602Z"}
{"level":"error","message":"Author who has a relation can not be deleted","time":"2018-12-30T14:10:47.606Z"}
{"level":"error","message":"\"name\" is required","time":"2018-12-30T14:10:47.632Z"}
{"level":"error","message":"\"name\" must be a string","time":"2018-12-30T14:10:47.636Z"}
{"level":"error","message":"\"name\" is required","time":"2018-12-30T14:10:47.650Z"}
{"level":"error","message":"\"name\" must be a string","time":"2018-12-30T14:10:47.654Z"}
{"level":"error","message":"Invalid category id","time":"2018-12-30T14:10:47.658Z"}
{"level":"error","message":"invalid id","time":"2018-12-30T14:10:47.672Z"}
{"level":"error","message":"Category that has a relation can not be deleted","time":"2018-12-30T14:10:47.678Z"}
{"level":"error","message":"\"title\" is required","time":"2018-12-30T14:13:20.829Z"}
{"level":"error","message":"\"title\" is required","time":"2018-12-30T14:13:20.834Z"}
{"level":"error","message":"\"title\" is required","time":"2018-12-30T14:13:20.856Z"}
{"level":"error","message":"\"title\" is required","time":"2018-12-30T14:13:20.859Z"}
{"level":"error","message":"Invalid book id","time":"2018-12-30T14:13:20.874Z"}
{"level":"error","message":"invalid book id","time":"2018-12-30T14:13:20.892Z"}
{"level":"error","message":"\"name\" is required","time":"2018-12-30T14:13:20.923Z"}
{"level":"error","message":"\"name\" must be a string","time":"2018-12-30T14:13:20.926Z"}
{"level":"error","message":"\"name\" is required","time":"2018-12-30T14:13:20.942Z"}
{"level":"error","message":"\"name\" must be a string","time":"2018-12-30T14:13:20.946Z"}
{"level":"error","message":"Invalid author id","time":"2018-12-30T14:13:20.951Z"}
{"level":"error","message":"invalid id","time":"2018-12-30T14:13:20.967Z"}
{"level":"error","message":"Author who has a relation can not be deleted","time":"2018-12-30T14:13:20.973Z"}
{"level":"error","message":"\"name\" is required","time":"2018-12-30T14:13:21.004Z"}
{"level":"error","message":"\"name\" must be a string","time":"2018-12-30T14:13:21.007Z"}
{"level":"error","message":"\"name\" is required","time":"2018-12-30T14:13:21.022Z"}
{"level":"error","message":"\"name\" must be a string","time":"2018-12-30T14:13:21.026Z"}
{"level":"error","message":"Invalid category id","time":"2018-12-30T14:13:21.031Z"}
{"level":"error","message":"invalid id","time":"2018-12-30T14:13:21.046Z"}
{"level":"error","message":"Category that has a relation can not be deleted","time":"2018-12-30T14:13:21.055Z"}
{"level":"error","message":"\"title\" is required","time":"2018-12-30T14:14:45.642Z"}
{"level":"error","message":"\"title\" is required","time":"2018-12-30T14:14:45.649Z"}
{"level":"error","message":"\"title\" is required","time":"2018-12-30T14:14:45.673Z"}
{"level":"error","message":"\"title\" is required","time":"2018-12-30T14:14:45.677Z"}
{"level":"error","message":"Invalid book id","time":"2018-12-30T14:14:45.691Z"}
{"level":"error","message":"invalid book id","time":"2018-12-30T14:14:45.707Z"}
{"level":"error","message":"\"name\" is required","time":"2018-12-30T14:14:45.740Z"}
{"level":"error","message":"\"name\" must be a string","time":"2018-12-30T14:14:45.743Z"}
{"level":"error","message":"\"name\" is required","time":"2018-12-30T14:14:45.758Z"}
{"level":"error","message":"\"name\" must be a string","time":"2018-12-30T14:14:45.762Z"}
{"level":"error","message":"Invalid author id","time":"2018-12-30T14:14:45.766Z"}
{"level":"error","message":"invalid id","time":"2018-12-30T14:14:45.783Z"}
{"level":"error","message":"Author who has a relation can not be deleted","time":"2018-12-30T14:14:45.790Z"}
{"level":"error","message":"\"name\" is required","time":"2018-12-30T14:14:45.819Z"}
{"level":"error","message":"\"name\" must be a string","time":"2018-12-30T14:14:45.822Z"}
{"level":"error","message":"\"name\" is required","time":"2018-12-30T14:14:45.838Z"}
{"level":"error","message":"\"name\" must be a string","time":"2018-12-30T14:14:45.841Z"}
{"level":"error","message":"Invalid category id","time":"2018-12-30T14:14:45.846Z"}
{"level":"error","message":"invalid id","time":"2018-12-30T14:14:45.863Z"}
{"level":"error","message":"Category that has a relation can not be deleted","time":"2018-12-30T14:14:45.869Z"}
{"level":"error","message":"Invalid category id","time":"2018-12-30T14:14:45.888Z"}
{"level":"error","message":"\"title\" is required","time":"2018-12-30T14:15:21.999Z"}
{"level":"error","message":"\"title\" is required","time":"2018-12-30T14:15:22.005Z"}
{"level":"error","message":"\"title\" is required","time":"2018-12-30T14:15:22.030Z"}
{"level":"error","message":"\"title\" is required","time":"2018-12-30T14:15:22.034Z"}
{"level":"error","message":"Invalid book id","time":"2018-12-30T14:15:22.048Z"}
{"level":"error","message":"invalid book id","time":"2018-12-30T14:15:22.067Z"}
{"level":"error","message":"Invalid book id","time":"2018-12-30T14:15:22.092Z"}
{"level":"error","message":"\"name\" is required","time":"2018-12-30T14:15:22.105Z"}
{"level":"error","message":"\"name\" must be a string","time":"2018-12-30T14:15:22.108Z"}
{"level":"error","message":"\"name\" is required","time":"2018-12-30T14:15:22.124Z"}
{"level":"error","message":"\"name\" must be a string","time":"2018-12-30T14:15:22.127Z"}
{"level":"error","message":"Invalid author id","time":"2018-12-30T14:15:22.133Z"}
{"level":"error","message":"invalid id","time":"2018-12-30T14:15:22.148Z"}
{"level":"error","message":"Author who has a relation can not be deleted","time":"2018-12-30T14:15:22.154Z"}
{"level":"error","message":"Invalid author id","time":"2018-12-30T14:15:22.175Z"}
{"level":"error","message":"\"name\" is required","time":"2018-12-30T14:15:22.187Z"}
{"level":"error","message":"\"name\" must be a string","time":"2018-12-30T14:15:22.191Z"}
{"level":"error","message":"\"name\" is required","time":"2018-12-30T14:15:22.206Z"}
{"level":"error","message":"\"name\" must be a string","time":"2018-12-30T14:15:22.209Z"}
{"level":"error","message":"Invalid category id","time":"2018-12-30T14:15:22.215Z"}
{"level":"error","message":"invalid id","time":"2018-12-30T14:15:22.237Z"}
{"level":"error","message":"Category that has a relation can not be deleted","time":"2018-12-30T14:15:22.243Z"}
{"level":"error","message":"Invalid category id","time":"2018-12-30T14:15:22.264Z"}
{"level":"error","message":"can not have 2 categories with the same name","time":"2019-01-02T12:23:51.884Z"}
{"level":"error","message":"can not have 2 categories with the same name","time":"2019-01-02T12:23:55.882Z"}
{"level":"error","message":"can not have 2 categories with the same name","time":"2019-01-02T12:25:22.229Z"}
{"level":"error","message":"can not have 2 authors with the same name","time":"2019-01-02T12:39:54.071Z"}
{"level":"error","message":"can not have 2 authors with the same name","time":"2019-01-02T12:40:44.990Z"}
{"level":"error","message":"can not have 2 books with the same name","time":"2019-01-02T12:49:22.120Z"}
{"level":"error","message":"can not have 2 books with the same name","time":"2019-01-02T12:49:43.202Z"}
